This is pdfTeX, Version 3.14159265-2.6-1.40.16 (MiKTeX 2.9) (preloaded format=pdflatex 2016.9.3)  13 NOV 2016 21:40
entering extended mode
**./RASD_CompilingUtilities.tex
(RASD_CompilingUtilities.tex
LaTeX2e <2015/10/01> patch level 2
Babel <3.9n> and hyphenation patterns for 69 languages loaded.
("E:\Program Files\MiKTeX 2.9\tex\latex\base\article.cls"
Document Class: article 2014/09/29 v1.4h Standard LaTeX document class
("E:\Program Files\MiKTeX 2.9\tex\latex\base\size12.clo"
File: size12.clo 2014/09/29 v1.4h Standard LaTeX file (size option)
)
\c@part=\count79
\c@section=\count80
\c@subsection=\count81
\c@subsubsection=\count82
\c@paragraph=\count83
\c@subparagraph=\count84
\c@figure=\count85
\c@table=\count86
\abovecaptionskip=\skip41
\belowcaptionskip=\skip42
\bibindent=\dimen102
)
LaTeX Info: Redefining \emph on input line 11.

("E:\Program Files\MiKTeX 2.9\tex\latex\base\inputenc.sty"
Package: inputenc 2015/03/17 v1.2c Input encoding file
\inpenc@prehook=\toks14
\inpenc@posthook=\toks15

("E:\Program Files\MiKTeX 2.9\tex\latex\base\utf8.def"
File: utf8.def 2015/09/07 v1.1p UTF-8 support for inputenc
Now handling font encoding OML ...
... no UTF-8 mapping file for font encoding OML
Now handling font encoding T1 ...
... processing UTF-8 mapping file for font encoding T1

("E:\Program Files\MiKTeX 2.9\tex\latex\base\t1enc.dfu"
File: t1enc.dfu 2015/09/07 v1.1p UTF-8 support for inputenc
   defining Unicode char U+00A0 (decimal 160)
   defining Unicode char U+00A1 (decimal 161)
   defining Unicode char U+00A3 (decimal 163)
   defining Unicode char U+00AB (decimal 171)
   defining Unicode char U+00AD (decimal 173)
   defining Unicode char U+00BB (decimal 187)
   defining Unicode char U+00BF (decimal 191)
   defining Unicode char U+00C0 (decimal 192)
   defining Unicode char U+00C1 (decimal 193)
   defining Unicode char U+00C2 (decimal 194)
   defining Unicode char U+00C3 (decimal 195)
   defining Unicode char U+00C4 (decimal 196)
   defining Unicode char U+00C5 (decimal 197)
   defining Unicode char U+00C6 (decimal 198)
   defining Unicode char U+00C7 (decimal 199)
   defining Unicode char U+00C8 (decimal 200)
   defining Unicode char U+00C9 (decimal 201)
   defining Unicode char U+00CA (decimal 202)
   defining Unicode char U+00CB (decimal 203)
   defining Unicode char U+00CC (decimal 204)
   defining Unicode char U+00CD (decimal 205)
   defining Unicode char U+00CE (decimal 206)
   defining Unicode char U+00CF (decimal 207)
   defining Unicode char U+00D0 (decimal 208)
   defining Unicode char U+00D1 (decimal 209)
   defining Unicode char U+00D2 (decimal 210)
   defining Unicode char U+00D3 (decimal 211)
   defining Unicode char U+00D4 (decimal 212)
   defining Unicode char U+00D5 (decimal 213)
   defining Unicode char U+00D6 (decimal 214)
   defining Unicode char U+00D8 (decimal 216)
   defining Unicode char U+00D9 (decimal 217)
   defining Unicode char U+00DA (decimal 218)
   defining Unicode char U+00DB (decimal 219)
   defining Unicode char U+00DC (decimal 220)
   defining Unicode char U+00DD (decimal 221)
   defining Unicode char U+00DE (decimal 222)
   defining Unicode char U+00DF (decimal 223)
   defining Unicode char U+00E0 (decimal 224)
   defining Unicode char U+00E1 (decimal 225)
   defining Unicode char U+00E2 (decimal 226)
   defining Unicode char U+00E3 (decimal 227)
   defining Unicode char U+00E4 (decimal 228)
   defining Unicode char U+00E5 (decimal 229)
   defining Unicode char U+00E6 (decimal 230)
   defining Unicode char U+00E7 (decimal 231)
   defining Unicode char U+00E8 (decimal 232)
   defining Unicode char U+00E9 (decimal 233)
   defining Unicode char U+00EA (decimal 234)
   defining Unicode char U+00EB (decimal 235)
   defining Unicode char U+00EC (decimal 236)
   defining Unicode char U+00ED (decimal 237)
   defining Unicode char U+00EE (decimal 238)
   defining Unicode char U+00EF (decimal 239)
   defining Unicode char U+00F0 (decimal 240)
   defining Unicode char U+00F1 (decimal 241)
   defining Unicode char U+00F2 (decimal 242)
   defining Unicode char U+00F3 (decimal 243)
   defining Unicode char U+00F4 (decimal 244)
   defining Unicode char U+00F5 (decimal 245)
   defining Unicode char U+00F6 (decimal 246)
   defining Unicode char U+00F8 (decimal 248)
   defining Unicode char U+00F9 (decimal 249)
   defining Unicode char U+00FA (decimal 250)
   defining Unicode char U+00FB (decimal 251)
   defining Unicode char U+00FC (decimal 252)
   defining Unicode char U+00FD (decimal 253)
   defining Unicode char U+00FE (decimal 254)
   defining Unicode char U+00FF (decimal 255)
   defining Unicode char U+0102 (decimal 258)
   defining Unicode char U+0103 (decimal 259)
   defining Unicode char U+0104 (decimal 260)
   defining Unicode char U+0105 (decimal 261)
   defining Unicode char U+0106 (decimal 262)
   defining Unicode char U+0107 (decimal 263)
   defining Unicode char U+010C (decimal 268)
   defining Unicode char U+010D (decimal 269)
   defining Unicode char U+010E (decimal 270)
   defining Unicode char U+010F (decimal 271)
   defining Unicode char U+0110 (decimal 272)
   defining Unicode char U+0111 (decimal 273)
   defining Unicode char U+0118 (decimal 280)
   defining Unicode char U+0119 (decimal 281)
   defining Unicode char U+011A (decimal 282)
   defining Unicode char U+011B (decimal 283)
   defining Unicode char U+011E (decimal 286)
   defining Unicode char U+011F (decimal 287)
   defining Unicode char U+0130 (decimal 304)
   defining Unicode char U+0131 (decimal 305)
   defining Unicode char U+0132 (decimal 306)
   defining Unicode char U+0133 (decimal 307)
   defining Unicode char U+0139 (decimal 313)
   defining Unicode char U+013A (decimal 314)
   defining Unicode char U+013D (decimal 317)
   defining Unicode char U+013E (decimal 318)
   defining Unicode char U+0141 (decimal 321)
   defining Unicode char U+0142 (decimal 322)
   defining Unicode char U+0143 (decimal 323)
   defining Unicode char U+0144 (decimal 324)
   defining Unicode char U+0147 (decimal 327)
   defining Unicode char U+0148 (decimal 328)
   defining Unicode char U+014A (decimal 330)
   defining Unicode char U+014B (decimal 331)
   defining Unicode char U+0150 (decimal 336)
   defining Unicode char U+0151 (decimal 337)
   defining Unicode char U+0152 (decimal 338)
   defining Unicode char U+0153 (decimal 339)
   defining Unicode char U+0154 (decimal 340)
   defining Unicode char U+0155 (decimal 341)
   defining Unicode char U+0158 (decimal 344)
   defining Unicode char U+0159 (decimal 345)
   defining Unicode char U+015A (decimal 346)
   defining Unicode char U+015B (decimal 347)
   defining Unicode char U+015E (decimal 350)
   defining Unicode char U+015F (decimal 351)
   defining Unicode char U+0160 (decimal 352)
   defining Unicode char U+0161 (decimal 353)
   defining Unicode char U+0162 (decimal 354)
   defining Unicode char U+0163 (decimal 355)
   defining Unicode char U+0164 (decimal 356)
   defining Unicode char U+0165 (decimal 357)
   defining Unicode char U+016E (decimal 366)
   defining Unicode char U+016F (decimal 367)
   defining Unicode char U+0170 (decimal 368)
   defining Unicode char U+0171 (decimal 369)
   defining Unicode char U+0174 (decimal 372)
   defining Unicode char U+0175 (decimal 373)
   defining Unicode char U+0176 (decimal 374)
   defining Unicode char U+0177 (decimal 375)
   defining Unicode char U+0178 (decimal 376)
   defining Unicode char U+0179 (decimal 377)
   defining Unicode char U+017A (decimal 378)
   defining Unicode char U+017B (decimal 379)
   defining Unicode char U+017C (decimal 380)
   defining Unicode char U+017D (decimal 381)
   defining Unicode char U+017E (decimal 382)
   defining Unicode char U+0218 (decimal 536)
   defining Unicode char U+0219 (decimal 537)
   defining Unicode char U+021A (decimal 538)
   defining Unicode char U+021B (decimal 539)
   defining Unicode char U+200C (decimal 8204)
   defining Unicode char U+2013 (decimal 8211)
   defining Unicode char U+2014 (decimal 8212)
   defining Unicode char U+2018 (decimal 8216)
   defining Unicode char U+2019 (decimal 8217)
   defining Unicode char U+201A (decimal 8218)
   defining Unicode char U+201C (decimal 8220)
   defining Unicode char U+201D (decimal 8221)
   defining Unicode char U+201E (decimal 8222)
   defining Unicode char U+2030 (decimal 8240)
   defining Unicode char U+2031 (decimal 8241)
   defining Unicode char U+2039 (decimal 8249)
   defining Unicode char U+203A (decimal 8250)
   defining Unicode char U+2423 (decimal 9251)
)
Now handling font encoding OT1 ...
... processing UTF-8 mapping file for font encoding OT1

("E:\Program Files\MiKTeX 2.9\tex\latex\base\ot1enc.dfu"
File: ot1enc.dfu 2015/09/07 v1.1p UTF-8 support for inputenc
   defining Unicode char U+00A0 (decimal 160)
   defining Unicode char U+00A1 (decimal 161)
   defining Unicode char U+00A3 (decimal 163)
   defining Unicode char U+00AD (decimal 173)
   defining Unicode char U+00B8 (decimal 184)
   defining Unicode char U+00BF (decimal 191)
   defining Unicode char U+00C5 (decimal 197)
   defining Unicode char U+00C6 (decimal 198)
   defining Unicode char U+00D8 (decimal 216)
   defining Unicode char U+00DF (decimal 223)
   defining Unicode char U+00E6 (decimal 230)
   defining Unicode char U+00EC (decimal 236)
   defining Unicode char U+00ED (decimal 237)
   defining Unicode char U+00EE (decimal 238)
   defining Unicode char U+00EF (decimal 239)
   defining Unicode char U+00F8 (decimal 248)
   defining Unicode char U+0131 (decimal 305)
   defining Unicode char U+0141 (decimal 321)
   defining Unicode char U+0142 (decimal 322)
   defining Unicode char U+0152 (decimal 338)
   defining Unicode char U+0153 (decimal 339)
   defining Unicode char U+0174 (decimal 372)
   defining Unicode char U+0175 (decimal 373)
   defining Unicode char U+0176 (decimal 374)
   defining Unicode char U+0177 (decimal 375)
   defining Unicode char U+0218 (decimal 536)
   defining Unicode char U+0219 (decimal 537)
   defining Unicode char U+021A (decimal 538)
   defining Unicode char U+021B (decimal 539)
   defining Unicode char U+2013 (decimal 8211)
   defining Unicode char U+2014 (decimal 8212)
   defining Unicode char U+2018 (decimal 8216)
   defining Unicode char U+2019 (decimal 8217)
   defining Unicode char U+201C (decimal 8220)
   defining Unicode char U+201D (decimal 8221)
)
Now handling font encoding OMS ...
... processing UTF-8 mapping file for font encoding OMS

("E:\Program Files\MiKTeX 2.9\tex\latex\base\omsenc.dfu"
File: omsenc.dfu 2015/09/07 v1.1p UTF-8 support for inputenc
   defining Unicode char U+00A7 (decimal 167)
   defining Unicode char U+00B6 (decimal 182)
   defining Unicode char U+00B7 (decimal 183)
   defining Unicode char U+2020 (decimal 8224)
   defining Unicode char U+2021 (decimal 8225)
   defining Unicode char U+2022 (decimal 8226)
)
Now handling font encoding OMX ...
... no UTF-8 mapping file for font encoding OMX
Now handling font encoding U ...
... no UTF-8 mapping file for font encoding U
   defining Unicode char U+00A9 (decimal 169)
   defining Unicode char U+00AA (decimal 170)
   defining Unicode char U+00AE (decimal 174)
   defining Unicode char U+00BA (decimal 186)
   defining Unicode char U+02C6 (decimal 710)
   defining Unicode char U+02DC (decimal 732)
   defining Unicode char U+200C (decimal 8204)
   defining Unicode char U+2026 (decimal 8230)
   defining Unicode char U+2122 (decimal 8482)
   defining Unicode char U+2423 (decimal 9251)
))
("E:\Program Files\MiKTeX 2.9\tex\latex\graphics\color.sty"
Package: color 2014/10/28 v1.1a Standard LaTeX Color (DPC)

("E:\Program Files\MiKTeX 2.9\tex\latex\00miktex\color.cfg"
File: color.cfg 2007/01/18 v1.5 color configuration of teTeX/TeXLive
)
Package color Info: Driver file: pdftex.def on input line 142.

("E:\Program Files\MiKTeX 2.9\tex\latex\pdftex-def\pdftex.def"
File: pdftex.def 2011/05/27 v0.06d Graphics/color for pdfTeX

("E:\Program Files\MiKTeX 2.9\tex\generic\oberdiek\infwarerr.sty"
Package: infwarerr 2010/04/08 v1.3 Providing info/warning/error messages (HO)
)
("E:\Program Files\MiKTeX 2.9\tex\generic\oberdiek\ltxcmds.sty"
Package: ltxcmds 2011/11/09 v1.22 LaTeX kernel commands for general use (HO)
)
\Gread@gobject=\count87
))
("E:\Program Files\MiKTeX 2.9\tex\latex\caption\caption.sty"
Package: caption 2016/02/21 v3.3-144 Customizing captions (AR)

("E:\Program Files\MiKTeX 2.9\tex\latex\caption\caption3.sty"
Package: caption3 2016/05/22 v1.7-166 caption3 kernel (AR)
Package caption3 Info: TeX engine: e-TeX on input line 67.

("E:\Program Files\MiKTeX 2.9\tex\latex\graphics\keyval.sty"
Package: keyval 2014/10/28 v1.15 key=value parser (DPC)
\KV@toks@=\toks16
)
\captionmargin=\dimen103
\captionmargin@=\dimen104
\captionwidth=\dimen105
\caption@tempdima=\dimen106
\caption@indent=\dimen107
\caption@parindent=\dimen108
\caption@hangindent=\dimen109
)
\c@ContinuedFloat=\count88
)
("E:\Program Files\MiKTeX 2.9\tex\latex\listings\listings.sty"
\lst@mode=\count89
\lst@gtempboxa=\box26
\lst@token=\toks17
\lst@length=\count90
\lst@currlwidth=\dimen110
\lst@column=\count91
\lst@pos=\count92
\lst@lostspace=\dimen111
\lst@width=\dimen112
\lst@newlines=\count93
\lst@lineno=\count94
\lst@maxwidth=\dimen113

("E:\Program Files\MiKTeX 2.9\tex\latex\listings\lstmisc.sty"
File: lstmisc.sty 2015/06/04 1.6 (Carsten Heinz)
\c@lstnumber=\count95
\lst@skipnumbers=\count96
\lst@framebox=\box27
)
("E:\Program Files\MiKTeX 2.9\tex\latex\listings\listings.cfg"
File: listings.cfg 2015/06/04 1.6 listings configuration
))
Package: listings 2015/06/04 1.6 (Carsten Heinz)

(Alloy_mine.sty) ("E:\Program Files\MiKTeX 2.9\tex\latex\python\python.sty"
Package: python 2007/06/07 v0.21 Python in LaTeX
\@out=\write3
\@module=\write4
)
("E:\Program Files\MiKTeX 2.9\tex\latex\graphics\graphicx.sty"
Package: graphicx 2014/10/28 v1.0g Enhanced LaTeX Graphics (DPC,SPQR)

("E:\Program Files\MiKTeX 2.9\tex\latex\graphics\graphics.sty"
Package: graphics 2014/10/28 v1.0p Standard LaTeX Graphics (DPC,SPQR)

("E:\Program Files\MiKTeX 2.9\tex\latex\graphics\trig.sty"
Package: trig 1999/03/16 v1.09 sin cos tan (DPC)
)
("E:\Program Files\MiKTeX 2.9\tex\latex\00miktex\graphics.cfg"
File: graphics.cfg 2007/01/18 v1.5 graphics configuration of teTeX/TeXLive
)
Package graphics Info: Driver file: pdftex.def on input line 94.
)
\Gin@req@height=\dimen114
\Gin@req@width=\dimen115
)
("E:\Program Files\MiKTeX 2.9\tex\latex\placeins\placeins.sty"
Package: placeins 2005/04/18  v 2.2
)
("E:\Program Files\MiKTeX 2.9\tex\latex\tools\longtable.sty"
Package: longtable 2014/10/28 v4.11 Multi-page Table package (DPC)
\LTleft=\skip43
\LTright=\skip44
\LTpre=\skip45
\LTpost=\skip46
\LTchunksize=\count97
\LTcapwidth=\dimen116
\LT@head=\box28
\LT@firsthead=\box29
\LT@foot=\box30
\LT@lastfoot=\box31
\LT@cols=\count98
\LT@rows=\count99
\c@LT@tables=\count100
\c@LT@chunks=\count101
\LT@p@ftn=\toks18
)
("E:\Program Files\MiKTeX 2.9\tex\latex\enumitem\enumitem.sty"
Package: enumitem 2011/09/28 v3.5.2 Customized lists
\labelindent=\skip47
\enit@outerparindent=\dimen117
\enit@toks=\toks19
\enit@inbox=\box32
\enitdp@description=\count102
)
(RASD_CompilingUtilities.aux

LaTeX Warning: Label `UC_Logout' multiply defined.


LaTeX Warning: Label `UC_PlugCar' multiply defined.

)
\openout1 = `RASD_CompilingUtilities.aux'.

LaTeX Font Info:    Checking defaults for OML/cmm/m/it on input line 57.
LaTeX Font Info:    ... okay on input line 57.
LaTeX Font Info:    Checking defaults for T1/cmr/m/n on input line 57.
LaTeX Font Info:    ... okay on input line 57.
LaTeX Font Info:    Checking defaults for OT1/cmr/m/n on input line 57.
LaTeX Font Info:    ... okay on input line 57.
LaTeX Font Info:    Checking defaults for OMS/cmsy/m/n on input line 57.
LaTeX Font Info:    ... okay on input line 57.
LaTeX Font Info:    Checking defaults for OMX/cmex/m/n on input line 57.
LaTeX Font Info:    ... okay on input line 57.
LaTeX Font Info:    Checking defaults for U/cmr/m/n on input line 57.
LaTeX Font Info:    ... okay on input line 57.
 ("E:\Program Files\MiKTeX 2.9\tex\context\base\supp-pdf.mkii"
[Loading MPS to PDF converter (version 2006.09.02).]
\scratchcounter=\count103
\scratchdimen=\dimen118
\scratchbox=\box33
\nofMPsegments=\count104
\nofMParguments=\count105
\everyMPshowfont=\toks20
\MPscratchCnt=\count106
\MPscratchDim=\dimen119
\MPnumerator=\count107
\makeMPintoPDFobject=\count108
\everyMPtoPDFconversion=\toks21
)
Package caption Info: Begin \AtBeginDocument code.
Package caption Info: listings package is loaded.
Package caption Info: longtable package is loaded.
 ("E:\Program Files\MiKTeX 2.9\tex\latex\caption\ltcaption.sty"
Package: ltcaption 2013/06/09 v1.4-94 longtable captions (AR)
)
Package caption Info: End \AtBeginDocument code.
\c@lstlisting=\count109

(RASD_Main.tex
LaTeX Font Info:    External font `cmex10' loaded for size
(Font)              <14.4> on input line 1.
LaTeX Font Info:    External font `cmex10' loaded for size
(Font)              <7> on input line 1.
 [1


{C:/Users/Sap1ens/AppData/Local/MiKTeX/2.9/pdftex/config/pdftex.map}] (RASD_Com
pilingUtilities.toc
LaTeX Font Info:    External font `cmex10' loaded for size
(Font)              <12> on input line 2.
LaTeX Font Info:    External font `cmex10' loaded for size
(Font)              <8> on input line 2.
LaTeX Font Info:    External font `cmex10' loaded for size
(Font)              <6> on input line 2.
 [2

])
\tf@toc=\write5
\openout5 = `RASD_CompilingUtilities.toc'.

 [3] (RASD_Intro.tex
Overfull \hbox (0.93385pt too wide) in paragraph at lines 2--3
\OT1/cmr/m/n/12 This pa-per rep-re-sents the \OT1/cmr/bx/n/12 R\OT1/cmr/m/n/12 
equirement \OT1/cmr/bx/n/12 A\OT1/cmr/m/n/12 nalysis and \OT1/cmr/bx/n/12 S\OT1
/cmr/m/n/12 pecification \OT1/cmr/bx/n/12 D\OT1/cmr/m/n/12 ocument
 []

[4

] <../The_world_and_the_machine.jpg, id=19, 985.3587pt x 505.1129pt>
File: ../The_world_and_the_machine.jpg Graphic file (type jpg)

<use ../The_world_and_the_machine.jpg>
Package pdftex.def Info: ../The_world_and_the_machine.jpg used on input line 41
.
(pdftex.def)             Requested size: 390.0pt x 199.92204pt.
 [5]
LaTeX Font Info:    Try loading font information for OMS+cmr on input line 49.

("E:\Program Files\MiKTeX 2.9\tex\latex\base\omscmr.fd"
File: omscmr.fd 2014/09/29 v2.5h Standard LaTeX font definitions
)
LaTeX Font Info:    Font shape `OMS/cmr/m/n' in size <12> not available
(Font)              Font shape `OMS/cmsy/m/n' tried instead on input line 49.
 [6 <../The_world_and_the_machine.jpg>] [7] [8]
Overfull \hbox (0.95079pt too wide) in paragraph at lines 126--128
[]\OT1/cmr/bx/it/12 Banking Sys-tem \OT1/cmr/m/n/12 An ex-ter-nal sys-tem that 
al-lows the Sys-tem to charge
 []

) [9] (RASD_GeneralDescription.tex [10

]
\c@RequirementsCounter=\count110

Overfull \hbox (28.19833pt too wide) in paragraph at lines 57--63
 [] 
 []

[11] [12] [13] [14]) (RASD_SpecificRequirements.tex
(RASD_ExternalInterfaceRequirements.tex [15


]) (RASD_FR.tex [16] [17]
(RASD_UseCaseSpecification.tex
\c@UseCaseIdCounter=\count111

Underfull \hbox (badness 10000) in paragraph at lines 18--18
[]|\OT1/cmr/bx/n/12 Pre-
 []


Underfull \hbox (badness 10000) in paragraph at lines 19--19
[]|\OT1/cmr/bx/n/12 Flow of
 []


Underfull \hbox (badness 3815) in paragraph at lines 26--26
[]|\OT1/cmr/bx/n/12 Post Con-di-
 []


Overfull \hbox (24.0pt too wide) in alignment at lines 7--32
 [] [] 
 []

[18]
Underfull \hbox (badness 10000) in paragraph at lines 46--46
[]|\OT1/cmr/bx/n/12 Pre-
 []


Underfull \hbox (badness 10000) in paragraph at lines 47--47
[]|\OT1/cmr/bx/n/12 Flow of
 []


Underfull \hbox (badness 3815) in paragraph at lines 52--52
[]|\OT1/cmr/bx/n/12 Post Con-di-
 []


Overfull \hbox (24.0pt too wide) in alignment at lines 36--57
 [] [] 
 []

[19]
Underfull \hbox (badness 10000) in paragraph at lines 72--72
[]|\OT1/cmr/bx/n/12 Pre-
 []


Underfull \hbox (badness 10000) in paragraph at lines 74--74
[]|\OT1/cmr/bx/n/12 Flow of
 []


Underfull \hbox (badness 3815) in paragraph at lines 80--80
[]|\OT1/cmr/bx/n/12 Post Con-di-
 []


Overfull \hbox (24.0pt too wide) in alignment at lines 61--85
 [] [] 
 []

[20]
Underfull \hbox (badness 10000) in paragraph at lines 99--99
[]|\OT1/cmr/bx/n/12 Pre-
 []


Underfull \hbox (badness 10000) in paragraph at lines 100--100
[]|\OT1/cmr/bx/n/12 Flow of
 []


Underfull \hbox (badness 3815) in paragraph at lines 105--105
[]|\OT1/cmr/bx/n/12 Post Con-di-
 []


Overfull \hbox (24.0pt too wide) in alignment at lines 88--112
 [] [] 
 []

[21]
Underfull \hbox (badness 10000) in paragraph at lines 127--127
[]|\OT1/cmr/bx/n/12 Pre-
 []


Underfull \hbox (badness 10000) in paragraph at lines 128--128
[]|\OT1/cmr/bx/n/12 Flow of
 []


Underfull \hbox (badness 3815) in paragraph at lines 132--132
[]|\OT1/cmr/bx/n/12 Post Con-di-
 []


Overfull \hbox (24.0pt too wide) in alignment at lines 116--137
 [] [] 
 []


Underfull \hbox (badness 10000) in paragraph at lines 151--151
[]|\OT1/cmr/bx/n/12 Pre-
 []


Underfull \hbox (badness 10000) in paragraph at lines 152--152
[]|\OT1/cmr/bx/n/12 Flow of
 []


Underfull \hbox (badness 3815) in paragraph at lines 158--158
[]|\OT1/cmr/bx/n/12 Post Con-di-
 []


Underfull \hbox (badness 10000) in paragraph at lines 159--159
[]|\OT1/cmr/bx/n/12 Alternative
 []


Underfull \hbox (badness 10000) in paragraph at lines 159--159
\OT1/cmr/bx/n/12 Flow of
 []


Underfull \hbox (badness 1577) in paragraph at lines 163--164
[]\OT1/cmr/m/n/12 There are no avail-able Cars in the spec-i-fied ad-
 []


Overfull \hbox (24.0pt too wide) in alignment at lines 140--165
 [] [] 
 []

[22]
Underfull \hbox (badness 10000) in paragraph at lines 179--179
[]|\OT1/cmr/bx/n/12 Pre-
 []


Underfull \hbox (badness 10000) in paragraph at lines 180--180
[]|\OT1/cmr/bx/n/12 Flow of
 []


Underfull \hbox (badness 3815) in paragraph at lines 185--185
[]|\OT1/cmr/bx/n/12 Post Con-di-
 []


Overfull \hbox (24.0pt too wide) in alignment at lines 168--188
 [] [] 
 []

[23]
Underfull \hbox (badness 10000) in paragraph at lines 202--202
[]|\OT1/cmr/bx/n/12 Pre-
 []


Underfull \hbox (badness 10000) in paragraph at lines 203--203
[]|\OT1/cmr/bx/n/12 Flow of
 []


Underfull \hbox (badness 3815) in paragraph at lines 209--209
[]|\OT1/cmr/bx/n/12 Post Con-di-
 []


Overfull \hbox (24.0pt too wide) in alignment at lines 191--221
 [] [] 
 []

[24]
Underfull \hbox (badness 10000) in paragraph at lines 235--235
[]|\OT1/cmr/bx/n/12 Pre-
 []


Underfull \hbox (badness 10000) in paragraph at lines 236--236
[]|\OT1/cmr/bx/n/12 Flow of
 []


Underfull \hbox (badness 3815) in paragraph at lines 244--244
[]|\OT1/cmr/bx/n/12 Post Con-di-
 []


Overfull \hbox (24.0pt too wide) in alignment at lines 224--246
 [] [] 
 []

[25]
Underfull \hbox (badness 10000) in paragraph at lines 260--260
[]|\OT1/cmr/bx/n/12 Pre-
 []


Underfull \hbox (badness 10000) in paragraph at lines 261--261
[]|\OT1/cmr/bx/n/12 Flow of
 []


Underfull \hbox (badness 3815) in paragraph at lines 266--266
[]|\OT1/cmr/bx/n/12 Post Con-di-
 []


Overfull \hbox (24.0pt too wide) in alignment at lines 249--270
 [] [] 
 []


Overfull \vbox (6.89977pt too high) has occurred while \output is active []


[26]
Underfull \hbox (badness 10000) in paragraph at lines 284--284
[]|\OT1/cmr/bx/n/12 Pre-
 []


Underfull \hbox (badness 10000) in paragraph at lines 285--285
[]|\OT1/cmr/bx/n/12 Flow of
 []


Underfull \hbox (badness 3815) in paragraph at lines 294--294
[]|\OT1/cmr/bx/n/12 Post Con-di-
 []


Underfull \hbox (badness 10000) in paragraph at lines 297--297
[]|\OT1/cmr/bx/n/12 Alternative
 []


Underfull \hbox (badness 10000) in paragraph at lines 297--297
\OT1/cmr/bx/n/12 Flow of
 []


Overfull \hbox (24.0pt too wide) in alignment at lines 273--316
 [] [] 
 []

[27] [28] [29]
Underfull \hbox (badness 10000) in paragraph at lines 330--330
[]|\OT1/cmr/bx/n/12 Pre-
 []


Underfull \hbox (badness 10000) in paragraph at lines 331--331
[]|\OT1/cmr/bx/n/12 Flow of
 []


Underfull \hbox (badness 3815) in paragraph at lines 336--336
[]|\OT1/cmr/bx/n/12 Post Con-di-
 []


Overfull \hbox (24.0pt too wide) in alignment at lines 319--341
 [] [] 
 []

[30]
Underfull \hbox (badness 10000) in paragraph at lines 355--355
[]|\OT1/cmr/bx/n/12 Pre-
 []


Underfull \hbox (badness 10000) in paragraph at lines 356--356
[]|\OT1/cmr/bx/n/12 Flow of
 []


Underfull \hbox (badness 3815) in paragraph at lines 362--362
[]|\OT1/cmr/bx/n/12 Post Con-di-
 []


Overfull \hbox (24.0pt too wide) in alignment at lines 344--365
 [] [] 
 []

[31]) <../Diagrams/UC/Use_Case.png, id=108, 819.06pt x 584.93532pt>
File: ../Diagrams/UC/Use_Case.png Graphic file (type png)

<use ../Diagrams/UC/Use_Case.png>
Package pdftex.def Info: ../Diagrams/UC/Use_Case.png used on input line 32.
(pdftex.def)             Requested size: 390.0pt x 278.52548pt.
 [32 <../Diagrams/UC/Use_Case.png>]
<../Diagrams/AD/Registration.jpg, id=114, 1141.26375pt x 1120.185pt>
File: ../Diagrams/AD/Registration.jpg Graphic file (type jpg)

<use ../Diagrams/AD/Registration.jpg>
Package pdftex.def Info: ../Diagrams/AD/Registration.jpg used on input line 41.

(pdftex.def)             Requested size: 390.0pt x 382.78932pt.

<../Diagrams/AD/Locate_Reserve_Unlock.png, id=115, 1049.42062pt x 926.71219pt>
File: ../Diagrams/AD/Locate_Reserve_Unlock.png Graphic file (type png)

<use ../Diagrams/AD/Locate_Reserve_Unlock.png>
Package pdftex.def Info: ../Diagrams/AD/Locate_Reserve_Unlock.png used on input
 line 47.
(pdftex.def)             Requested size: 390.0pt x 344.39117pt.


LaTeX Warning: `h' float specifier changed to `ht'.

[33

 <../Diagrams/AD/Registration.jpg>]
<../Diagrams/AD/Ride.png, id=119, 1318.9275pt x 1407.2575pt>
File: ../Diagrams/AD/Ride.png Graphic file (type png)

<use ../Diagrams/AD/Ride.png>
Package pdftex.def Info: ../Diagrams/AD/Ride.png used on input line 53.
(pdftex.def)             Requested size: 390.0pt x 416.10365pt.


LaTeX Warning: `h' float specifier changed to `ht'.

[34 <../Diagrams/AD/Locate_Reserve_Unlock.png>] [35 <../Diagrams/AD/Ride.png>]
<../Diagrams/SD/UC_1.png, id=128, 529.98pt x 233.37187pt>
File: ../Diagrams/SD/UC_1.png Graphic file (type png)

<use ../Diagrams/SD/UC_1.png>
Package pdftex.def Info: ../Diagrams/SD/UC_1.png used on input line 61.
(pdftex.def)             Requested size: 390.0pt x 171.73457pt.

<../Diagrams/SD/UC_2.png, id=129, 323.70938pt x 187.45032pt>
File: ../Diagrams/SD/UC_2.png Graphic file (type png)

<use ../Diagrams/SD/UC_2.png>
Package pdftex.def Info: ../Diagrams/SD/UC_2.png used on input line 67.
(pdftex.def)             Requested size: 390.0pt x 225.85165pt.

<../Diagrams/SD/UC_3.png, id=130, 465.23813pt x 226.59656pt>
File: ../Diagrams/SD/UC_3.png Graphic file (type png)

<use ../Diagrams/SD/UC_3.png>
Package pdftex.def Info: ../Diagrams/SD/UC_3.png used on input line 73.
(pdftex.def)             Requested size: 390.0pt x 189.95601pt.


LaTeX Warning: `h' float specifier changed to `ht'.

[36

 <../Diagrams/SD/UC_1.png> <../Diagrams/SD/UC_2.png>]
<../Diagrams/SD/UC_4.png, id=136, 408.02437pt x 175.40532pt>
File: ../Diagrams/SD/UC_4.png Graphic file (type png)

<use ../Diagrams/SD/UC_4.png>
Package pdftex.def Info: ../Diagrams/SD/UC_4.png used on input line 79.
(pdftex.def)             Requested size: 390.0pt x 167.66454pt.

<../Diagrams/SD/UC_5.png, id=137, 383.18156pt x 141.52875pt>
File: ../Diagrams/SD/UC_5.png Graphic file (type png)

<use ../Diagrams/SD/UC_5.png>
Package pdftex.def Info: ../Diagrams/SD/UC_5.png used on input line 85.
(pdftex.def)             Requested size: 390.0pt x 144.05507pt.


LaTeX Warning: `h' float specifier changed to `ht'.

[37 <../Diagrams/SD/UC_3.png> <../Diagrams/SD/UC_4.png>]
<../Diagrams/SD/UC_6.png, id=144, 335.00156pt x 148.30406pt>
File: ../Diagrams/SD/UC_6.png Graphic file (type png)

<use ../Diagrams/SD/UC_6.png>
Package pdftex.def Info: ../Diagrams/SD/UC_6.png used on input line 91.
(pdftex.def)             Requested size: 390.0pt x 172.65059pt.

<../Diagrams/SD/UC_7.png, id=145, 333.49594pt x 164.11313pt>
File: ../Diagrams/SD/UC_7.png Graphic file (type png)

<use ../Diagrams/SD/UC_7.png>
Package pdftex.def Info: ../Diagrams/SD/UC_7.png used on input line 97.
(pdftex.def)             Requested size: 390.0pt x 191.93144pt.


LaTeX Warning: `h' float specifier changed to `ht'.

[38 <../Diagrams/SD/UC_5.png> <../Diagrams/SD/UC_6.png>]
<../Diagrams/SD/UC_8.png, id=151, 412.54124pt x 172.39406pt>
File: ../Diagrams/SD/UC_8.png Graphic file (type png)

<use ../Diagrams/SD/UC_8.png>
Package pdftex.def Info: ../Diagrams/SD/UC_8.png used on input line 103.
(pdftex.def)             Requested size: 390.0pt x 162.97636pt.

<../Diagrams/SD/UC_9.png, id=152, 396.7322pt x 174.6525pt>
File: ../Diagrams/SD/UC_9.png Graphic file (type png)

<use ../Diagrams/SD/UC_9.png>
Package pdftex.def Info: ../Diagrams/SD/UC_9.png used on input line 109.
(pdftex.def)             Requested size: 390.0pt x 171.69394pt.


LaTeX Warning: `h' float specifier changed to `ht'.

[39 <../Diagrams/SD/UC_7.png> <../Diagrams/SD/UC_8.png>]
<../Diagrams/SD/UC_10.png, id=158, 418.56375pt x 180.675pt>
File: ../Diagrams/SD/UC_10.png Graphic file (type png)

<use ../Diagrams/SD/UC_10.png>
Package pdftex.def Info: ../Diagrams/SD/UC_10.png used on input line 115.
(pdftex.def)             Requested size: 390.0pt x 168.34303pt.

<../Diagrams/SD/UC_11.png, id=159, 676.02562pt x 287.57437pt>
File: ../Diagrams/SD/UC_11.png Graphic file (type png)

<use ../Diagrams/SD/UC_11.png>
Package pdftex.def Info: ../Diagrams/SD/UC_11.png used on input line 121.
(pdftex.def)             Requested size: 390.0pt x 165.90686pt.


LaTeX Warning: `h' float specifier changed to `ht'.

[40 <../Diagrams/SD/UC_9.png> <../Diagrams/SD/UC_10.png>]
<../Diagrams/SD/UC_12.png, id=165, 437.38406pt x 157.33781pt>
File: ../Diagrams/SD/UC_12.png Graphic file (type png)

<use ../Diagrams/SD/UC_12.png>
Package pdftex.def Info: ../Diagrams/SD/UC_12.png used on input line 127.
(pdftex.def)             Requested size: 390.0pt x 140.29428pt.
 [41 <../Diagrams/SD/UC_11.png> <../Diagrams/SD/UC_12.png>]
<../Diagrams/CD/Class_Diagram.png, id=171, 659.46375pt x 359.84438pt>
File: ../Diagrams/CD/Class_Diagram.png Graphic file (type png)

<use ../Diagrams/CD/Class_Diagram.png>
Package pdftex.def Info: ../Diagrams/CD/Class_Diagram.png used on input line 13
6.
(pdftex.def)             Requested size: 390.0pt x 212.8115pt.
 [42

 <../Diagrams/CD/Class_Diagram.png>]
<../Diagrams/SCD/SCD_Car.png, id=176, 749.04843pt x 455.45157pt>
File: ../Diagrams/SCD/SCD_Car.png Graphic file (type png)

<use ../Diagrams/SCD/SCD_Car.png>
Package pdftex.def Info: ../Diagrams/SCD/SCD_Car.png used on input line 145.
(pdftex.def)             Requested size: 390.0pt x 237.13501pt.
\c@idcounter=\count112

Underfull \vbox (badness 10000) detected at line 193
 []

[43

 <../Diagrams/SCD/SCD_Car.png>]) (RASD_NFR.tex)) [44] (RASD_Alloy.tex
(../Alloy/Exported/Persons.als
LaTeX Font Info:    External font `cmex10' loaded for size
(Font)              <10.95> on input line 9.
 [45

]) (../Alloy/Exported/Cars.als [46] [47]
[48] [49]
Overfull \hbox (50.80841pt too wide) in paragraph at lines 146--147
[][] 
 []


Overfull \hbox (50.80841pt too wide) in paragraph at lines 152--154
[][] 
 []

[50]
Overfull \hbox (64.60541pt too wide) in paragraph at lines 181--182
[][] 
 []


Overfull \hbox (64.60541pt too wide) in paragraph at lines 188--190
[][] 
 []

[51]
Overfull \hbox (16.31592pt too wide) in paragraph at lines 207--208
[][] 
 []


Overfull \hbox (16.31592pt too wide) in paragraph at lines 214--216
[][] 
 []


Overfull \hbox (23.21442pt too wide) in paragraph at lines 218--219
[][] 
 []


Overfull \hbox (23.21442pt too wide) in paragraph at lines 223--225
[][] 
 []

) [52] (../Alloy/Exported/Areas.als [53] [54] [55] [56])
(../Alloy/Exported/GeoUtilities.als)
<../Alloy/Exported/Images/Persons.png, id=227, 925.4575pt x 142.5325pt>
File: ../Alloy/Exported/Images/Persons.png Graphic file (type png)

<use ../Alloy/Exported/Images/Persons.png>
Package pdftex.def Info: ../Alloy/Exported/Images/Persons.png used on input lin
e 42.
(pdftex.def)             Requested size: 390.0pt x 60.06549pt.

<../Alloy/Exported/Images/Cars_1.png, id=228, 1835.85875pt x 524.96124pt>
File: ../Alloy/Exported/Images/Cars_1.png Graphic file (type png)

<use ../Alloy/Exported/Images/Cars_1.png>
Package pdftex.def Info: ../Alloy/Exported/Images/Cars_1.png used on input line
 50.
(pdftex.def)             Requested size: 390.0pt x 111.51874pt.
 [57 <../Alloy/Exported/Images/Persons.png (PNG copy)>]
<../Alloy/Exported/Images/Cars_NoPersonInsideInUseCar.png, id=232, 1081.03876pt
 x 243.91125pt>
File: ../Alloy/Exported/Images/Cars_NoPersonInsideInUseCar.png Graphic file (ty
pe png)
 <use ../Alloy/Exported/Images/Cars_NoPersonInsideInUseCar.png>
Package pdftex.def Info: ../Alloy/Exported/Images/Cars_NoPersonInsideInUseCar.p
ng used on input line 61.
(pdftex.def)             Requested size: 390.0pt x 87.99406pt.

<../Alloy/Exported/Images/UnavailableFunctioningCars.png, id=233, 1766.6pt x 52
3.9575pt>
File: ../Alloy/Exported/Images/UnavailableFunctioningCars.png Graphic file (typ
e png)
 <use ../Alloy/Exported/Images/UnavailableFunctioningCars.png>
Package pdftex.def Info: ../Alloy/Exported/Images/UnavailableFunctioningCars.pn
g used on input line 71.
(pdftex.def)             Requested size: 390.0pt x 115.66275pt.

[58 <../Alloy/Exported/Images/Cars_1.png (PNG copy)> <../Alloy/Exported/Images/
Cars_NoPersonInsideInUseCar.png (PNG copy)>]
<../Alloy/Exported/Images/Areas_1.png, id=237, 1584.92125pt x 578.16pt>
File: ../Alloy/Exported/Images/Areas_1.png Graphic file (type png)

<use ../Alloy/Exported/Images/Areas_1.png>
Package pdftex.def Info: ../Alloy/Exported/Images/Areas_1.png used on input lin
e 85.
(pdftex.def)             Requested size: 390.0pt x 142.26357pt.

<../Alloy/Exported/Images/Areas_2.png, id=238, 1397.22pt x 590.205pt>
File: ../Alloy/Exported/Images/Areas_2.png Graphic file (type png)

<use ../Alloy/Exported/Images/Areas_2.png>
Package pdftex.def Info: ../Alloy/Exported/Images/Areas_2.png used on input lin
e 94.
(pdftex.def)             Requested size: 390.0pt x 164.74294pt.
 [59 <../Alloy/Exported/Images/UnavailableFunctioningCars.png (PNG copy)> <../A
lloy/Exported/Images/Areas_1.png (PNG copy)>]
<../Alloy/Exported/Images/Areas_Execute.png, id=242, 1198.4775pt x 227.85126pt>
File: ../Alloy/Exported/Images/Areas_Execute.png Graphic file (type png)
<use ../Alloy/Exported/Images/Areas_Execute.png>
Package pdftex.def Info: ../Alloy/Exported/Images/Areas_Execute.png used on inp
ut line 105.
(pdftex.def)             Requested size: 390.0pt x 74.14464pt.

<../Alloy/Exported/Images/Cars_Execute.png, id=243, 1383.1675pt x 569.12625pt>
File: ../Alloy/Exported/Images/Cars_Execute.png Graphic file (type png)

<use ../Alloy/Exported/Images/Cars_Execute.png>
Package pdftex.def Info: ../Alloy/Exported/Images/Cars_Execute.png used on inpu
t line 111.
(pdftex.def)             Requested size: 390.0pt x 160.46584pt.
 [60 <../Alloy/Exported/Images/Areas_2.png (PNG copy)> <../Alloy/Exported/Image
s/Areas_Execute.png>])) [61 <../Alloy/Exported/Images/Cars_Execute.png>] (RASD_
CompilingUtilities.aux)

LaTeX Warning: There were multiply-defined labels.

 ) 
Here is how much of TeX's memory you used:
 5009 strings out of 493634
 74939 string characters out of 3143739
 245103 words of memory out of 3000000
 8292 multiletter control sequences out of 15000+200000
 10766 words of font info for 38 fonts, out of 3000000 for 9000
 1025 hyphenation exceptions out of 8191
 36i,9n,46p,767b,1775s stack positions out of 5000i,500n,10000p,200000b,50000s
<E:/Program Files/MiKTeX 2.9/fonts/type1/public/amsfonts/cm/cmbx12.pfb><E:/Pr
ogram Files/MiKTeX 2.9/fonts/type1/public/amsfonts/cm/cmbxti10.pfb><E:/Program 
Files/MiKTeX 2.9/fonts/type1/public/amsfonts/cm/cmmi12.pfb><E:/Program Files/Mi
KTeX 2.9/fonts/type1/public/amsfonts/cm/cmr10.pfb><E:/Program Files/MiKTeX 2.9/
fonts/type1/public/amsfonts/cm/cmr12.pfb><E:/Program Files/MiKTeX 2.9/fonts/typ
e1/public/amsfonts/cm/cmr17.pfb><E:/Program Files/MiKTeX 2.9/fonts/type1/public
/amsfonts/cm/cmsy10.pfb><E:/Program Files/MiKTeX 2.9/fonts/type1/public/amsfont
s/cm/cmti12.pfb><E:/Program Files/MiKTeX 2.9/fonts/type1/public/amsfonts/cm/cmt
t10.pfb><E:/Program Files/MiKTeX 2.9/fonts/type1/public/amsfonts/cm/cmtt8.pfb><
E:/Program Files/MiKTeX 2.9/fonts/type1/public/amsfonts/latxfont/lcircle1.pfb>
Output written on RASD_CompilingUtilities.pdf (61 pages, 1333648 bytes).
PDF statistics:
 288 PDF objects out of 1000 (max. 8388607)
 0 named destinations out of 1000 (max. 500000)
 136 words of extra memory for PDF output out of 10000 (max. 10000000)

